<?xml version="1.0" encoding="utf-8"?><testsuites name="pytest tests"><testsuite name="pytest" errors="0" failures="0" skipped="0" tests="17" time="2.945" timestamp="2026-07-13T10:04:00.249743+00:00" hostname="agent-env-81199a42-7c98-4243-9e5c-34aa07767335"><testcase classname="tests.test_admin_api.TestAdminAuthGuards" name="test_admin_services_requires_auth" time="0.398" /><testcase classname="tests.test_admin_api.TestAuth" name="test_login_success_sets_cookies" time="0.399" /><testcase classname="tests.test_admin_api.TestAuth" name="test_me_with_cookie" time="0.047" /><testcase classname="tests.test_admin_api.TestAdminAuthGuards" name="test_admin_bookings_requires_auth" time="0.045" /><testcase classname="tests.test_admin_api.TestAdminAuthGuards" name="test_admin_upload_requires_auth" time="0.045" /><testcase classname="tests.test_admin_api.TestAuth" name="test_me_without_cookie_401" time="0.137" /><testcase classname="tests.test_admin_api.TestAdminAuthGuards" name="test_admin_clinic_put_requires_auth" time="0.043" /><testcase classname="tests.test_admin_api.TestAuth" name="test_login_wrong_password_401" time="0.496" /><testcase classname="tests.test_admin_api.TestImageUpload" name="test_upload_and_serve" time="1.269" /><testcase classname="tests.test_admin_api.TestAuth" name="test_refresh_works" time="0.205" /><testcase classname="tests.test_admin_api.TestAuth" name="test_logout_and_me_401" time="0.553" /><testcase classname="tests.test_admin_api.TestImageUpload" name="test_upload_rejects_non_image" time="0.041" /><testcase classname="tests.test_admin_api.TestServicesCRUD" name="test_full_lifecycle" time="0.270" /><testcase classname="tests.test_admin_api.TestClinicPut" name="test_edit_tagline_and_restore" time="0.297" /><testcase classname="tests.test_admin_api.TestReviewsEdit" name="test_edit_existing_review_and_restore" time="0.297" /><testcase classname="tests.test_admin_api.TestGalleryCRUD" name="test_add_and_delete_photo" time="0.172" /><testcase classname="tests.test_admin_api.TestAdminBookings" name="test_bookings_returns_list" time="0.047" /></testsuite></testsuites>