<?xml version="1.0" encoding="utf-8"?><testsuites name="pytest tests"><testsuite name="pytest" errors="0" failures="0" skipped="0" tests="5" time="14.138" timestamp="2026-07-13T11:13:18.713109+00:00" hostname="agent-env-81199a42-7c98-4243-9e5c-34aa07767335"><testcase classname="tests.test_logo_migration" name="test_current_state_new_logo" time="0.239" /><testcase classname="tests.test_logo_migration" name="test_migration_overwrites_old_logo" time="4.408" /><testcase classname="tests.test_logo_migration" name="test_migration_preserves_custom_logo" time="4.172" /><testcase classname="tests.test_logo_migration" name="test_restore_new_logo" time="4.095" /><testcase classname="tests.test_logo_migration" name="test_new_logo_url_reachable" time="0.275" /></testsuite></testsuites>