<?xml version="1.0" encoding="utf-8"?><testsuites name="pytest tests"><testsuite name="pytest" errors="0" failures="0" skipped="0" tests="13" time="1.087" timestamp="2026-07-13T09:29:13.007599+00:00" hostname="agent-env-81199a42-7c98-4243-9e5c-34aa07767335"><testcase classname="tests.test_dentistree_api.TestContent" name="test_content_status_and_shape" time="0.220" /><testcase classname="tests.test_dentistree_api.TestBookings" name="test_create_booking_and_list_persistence" time="0.289" /><testcase classname="tests.test_dentistree_api.TestContent" name="test_clinic_fields" time="0.046" /><testcase classname="tests.test_dentistree_api.TestContent" name="test_services_count" time="0.046" /><testcase classname="tests.test_dentistree_api.TestBookings" name="test_bookings_no_mongo_id" time="0.042" /><testcase classname="tests.test_dentistree_api.TestContent" name="test_doctor_is_manmohan" time="0.044" /><testcase classname="tests.test_dentistree_api.TestBookings" name="test_missing_field_returns_422" time="0.045" /><testcase classname="tests.test_dentistree_api.TestContent" name="test_reviews_count" time="0.041" /><testcase classname="tests.test_dentistree_api.TestBookings" name="test_short_name_returns_422" time="0.083" /><testcase classname="tests.test_dentistree_api.TestContent" name="test_gallery_count" time="0.042" /><testcase classname="tests.test_dentistree_api.TestContent" name="test_no_mongo_id_leaked" time="0.043" /><testcase classname="tests.test_dentistree_api.TestBookings" name="test_short_phone_returns_422" time="0.044" /><testcase classname="tests.test_dentistree_api.TestRoot" name="test_api_root" time="0.044" /></testsuite></testsuites>