<?xml version="1.0" encoding="utf-8"?><testsuites name="pytest tests"><testsuite name="pytest" errors="0" failures="0" skipped="0" tests="31" time="4.192" timestamp="2026-07-13T11:13:39.408956+00:00" hostname="agent-env-81199a42-7c98-4243-9e5c-34aa07767335"><testcase classname="tests.test_dentistree_api.TestBookings" name="test_create_booking_and_list_persistence" time="0.468" /><testcase classname="tests.test_dentistree_api.TestContent" name="test_content_status_and_shape" time="0.129" /><testcase classname="tests.test_dentistree_api.TestContent" name="test_clinic_fields" time="0.048" /><testcase classname="tests.test_dentistree_api.TestContent" name="test_services_count" time="0.245" /><testcase classname="tests.test_dentistree_api.TestContent" name="test_doctor_is_manmohan" time="0.046" /><testcase classname="tests.test_dentistree_api.TestBookings" name="test_public_bookings_list_removed" time="0.083" /><testcase classname="tests.test_dentistree_api.TestContent" name="test_reviews_count" time="0.048" /><testcase classname="tests.test_dentistree_api.TestContent" name="test_gallery_count" time="0.049" /><testcase classname="tests.test_dentistree_api.TestBookings" name="test_admin_bookings_no_mongo_id" time="0.557" /><testcase classname="tests.test_dentistree_api.TestContent" name="test_no_mongo_id_leaked" time="0.046" /><testcase classname="tests.test_admin_api.TestAuth" name="test_login_success_sets_cookies" time="0.489" /><testcase classname="tests.test_admin_api.TestAuth" name="test_me_with_cookie" time="0.045" /><testcase classname="tests.test_dentistree_api.TestBookings" name="test_missing_field_returns_422" time="0.041" /><testcase classname="tests.test_dentistree_api.TestBookings" name="test_short_name_returns_422" time="0.047" /><testcase classname="tests.test_admin_api.TestAuth" name="test_me_without_cookie_401" time="0.093" /><testcase classname="tests.test_dentistree_api.TestBookings" name="test_short_phone_returns_422" time="0.081" /><testcase classname="tests.test_admin_api.TestAuth" name="test_login_wrong_password_401" time="0.321" /><testcase classname="tests.test_admin_api.TestAdminAuthGuards" name="test_admin_services_requires_auth" time="0.285" /><testcase classname="tests.test_admin_api.TestAuth" name="test_refresh_works" time="0.047" /><testcase classname="tests.test_admin_api.TestAdminAuthGuards" name="test_admin_bookings_requires_auth" time="0.052" /><testcase classname="tests.test_admin_api.TestAuth" name="test_logout_and_me_401" time="0.445" /><testcase classname="tests.test_admin_api.TestAdminAuthGuards" name="test_admin_upload_requires_auth" time="0.046" /><testcase classname="tests.test_admin_api.TestAdminAuthGuards" name="test_admin_clinic_put_requires_auth" time="0.047" /><testcase classname="tests.test_dentistree_api.TestRoot" name="test_api_root" time="0.259" /><testcase classname="tests.test_admin_api.TestImageUpload" name="test_upload_and_serve" time="0.998" /><testcase classname="tests.test_admin_api.TestClinicPut" name="test_edit_tagline_and_restore" time="1.182" /><testcase classname="tests.test_admin_api.TestImageUpload" name="test_upload_rejects_non_image" time="0.049" /><testcase classname="tests.test_admin_api.TestGalleryCRUD" name="test_add_and_delete_photo" time="0.133" /><testcase classname="tests.test_admin_api.TestServicesCRUD" name="test_full_lifecycle" time="0.330" /><testcase classname="tests.test_admin_api.TestAdminBookings" name="test_bookings_returns_list" time="0.044" /><testcase classname="tests.test_admin_api.TestReviewsEdit" name="test_edit_existing_review_and_restore" time="0.232" /></testsuite></testsuites>